Clear UI/build/outputs/apk/manifest-merger-debug-report.txt
-- Merging decision tree log ---
manifest
ADDED from AndroidManifest.xml:2:1
	package
		ADDED from AndroidManifest.xml:3:5
		INJECTED from AndroidManifest.xml:0:0
		INJECTED from AndroidManifest.xml:0:0
	android:versionName
		ADDED from AndroidManifest.xml:5:5
	android:versionCode
		ADDED from AndroidManifest.xml:4:5
		INJECTED from AndroidManifest.xml:0:0
		INJECTED from AndroidManifest.xml:0:0
	xmlns:android
		ADDED from AndroidManifest.xml:2:11
uses-permission#android.permission.WRITE_EXTERNAL_STORAGE
ADDED from AndroidManifest.xml:7:5
	android:name
		ADDED from AndroidManifest.xml:7:22
uses-sdk
ADDED from AndroidManifest.xml:9:5
	android:targetSdkVersion
		ADDED from AndroidManifest.xml:11:9
		INJECTED from AndroidManifest.xml:0:0
		INJECTED from AndroidManifest.xml:0:0
	android:minSdkVersion
		ADDED from AndroidManifest.xml:10:9
		INJECTED from AndroidManifest.xml:0:0
		INJECTED from AndroidManifest.xml:0:0
application
ADDED from AndroidManifest.xml:13:5
	android:label
		ADDED from AndroidManifest.xml:15:9
	android:icon
		ADDED from AndroidManifest.xml:14:9
activity#com.special.MainActivity
ADDED from AndroidManifest.xml:16:9
	android:label
		ADDED from AndroidManifest.xml:18:13
	android:configChanges
		ADDED from AndroidManifest.xml:20:13
	android:theme
		ADDED from AndroidManifest.xml:19:13
	android:name
		ADDED from AndroidManifest.xml:17:13
intent-filter#android.intent.action.MAIN+android.intent.category.LAUNCHER
ADDED from AndroidManifest.xml:21:13
action#android.intent.action.MAIN
ADDED from AndroidManifest.xml:22:17
	android:name
		ADDED from AndroidManifest.xml:22:25
category#android.intent.category.LAUNCHER
ADDED from AndroidManifest.xml:24:17
	android:name
		ADDED from AndroidManifest.xml:24:27
activity#com.special.DetailActivity
ADDED from AndroidManifest.xml:27:9
	android:label
		ADDED from AndroidManifest.xml:30:13
	android:theme
		ADDED from AndroidManifest.xml:28:13
	android:name
		ADDED from AndroidManifest.xml:29:13
activity#com.special.TransitionDetailActivity
ADDED from AndroidManifest.xml:32:9
	android:label
		ADDED from AndroidManifest.xml:35:13
	android:theme
		ADDED from AndroidManifest.xml:33:13
	android:name
		ADDED from AndroidManifest.xml:34:13